<?xml version="1.0" encoding="UTF-8"?>
<coverage generated="1748167778289" clover="3.2.0">
  <project timestamp="1748167778289" name="All files">
    <metrics statements="108" coveredstatements="72" conditionals="69" coveredconditionals="28" methods="14" coveredmethods="13" elements="191" coveredelements="113" complexity="0" loc="108" ncloc="108" packages="2" files="2" classes="2"/>
    <package name="src">
      <metrics statements="104" coveredstatements="68" conditionals="69" coveredconditionals="28" methods="14" coveredmethods="13"/>
      <file name="index.ts" path="/Users/miracleio/Documents/otherprojs/shop100/100pay.js/src/index.ts">
        <metrics statements="104" coveredstatements="68" conditionals="69" coveredconditionals="28" methods="14" coveredmethods="13"/>
        <line num="3" count="2" type="stmt"/>
        <line num="4" count="2" type="stmt"/>
        <line num="23" count="2" type="stmt"/>
        <line num="69" count="2" type="cond" truecount="2" falsecount="0"/>
        <line num="75" count="2" type="stmt"/>
        <line num="80" count="3" type="stmt"/>
        <line num="81" count="3" type="stmt"/>
        <line num="82" count="3" type="stmt"/>
        <line num="83" count="3" type="stmt"/>
        <line num="92" count="2" type="stmt"/>
        <line num="102" count="51" type="stmt"/>
        <line num="103" count="51" type="stmt"/>
        <line num="104" count="51" type="stmt"/>
        <line num="118" count="32" type="stmt"/>
        <line num="122" count="32" type="stmt"/>
        <line num="124" count="32" type="cond" truecount="0" falsecount="1"/>
        <line num="125" count="0" type="stmt"/>
        <line num="126" count="0" type="cond" truecount="0" falsecount="1"/>
        <line num="128" count="0" type="stmt"/>
        <line num="132" count="32" type="cond" truecount="0" falsecount="1"/>
        <line num="133" count="0" type="stmt"/>
        <line num="137" count="32" type="stmt"/>
        <line num="142" count="32" type="stmt"/>
        <line num="155" count="33" type="cond" truecount="1" falsecount="0"/>
        <line num="156" count="32" type="stmt"/>
        <line num="157" count="32" type="stmt"/>
        <line num="167" count="1" type="stmt"/>
        <line num="180" count="51" type="stmt"/>
        <line num="181" count="6" type="stmt"/>
        <line num="182" count="6" type="stmt"/>
        <line num="184" count="6" type="stmt"/>
        <line num="192" count="5" type="cond" truecount="1" falsecount="0"/>
        <line num="193" count="1" type="stmt"/>
        <line num="202" count="4" type="cond" truecount="1" falsecount="0"/>
        <line num="203" count="2" type="cond" truecount="1" falsecount="0"/>
        <line num="204" count="1" type="stmt"/>
        <line num="211" count="1" type="cond" truecount="1" falsecount="0"/>
        <line num="212" count="1" type="stmt"/>
        <line num="220" count="2" type="stmt"/>
        <line num="224" count="2" type="cond" truecount="4" falsecount="0"/>
        <line num="229" count="2" type="stmt"/>
        <line num="235" count="1" type="cond" truecount="0" falsecount="1"/>
        <line num="236" count="0" type="stmt"/>
        <line num="237" count="0" type="stmt"/>
        <line num="244" count="1" type="stmt"/>
        <line num="254" count="51" type="stmt"/>
        <line num="266" count="2" type="stmt"/>
        <line num="267" count="2" type="stmt"/>
        <line num="279" count="51" type="stmt"/>
        <line num="290" count="2" type="stmt"/>
        <line num="307" count="51" type="stmt"/>
        <line num="318" count="3" type="stmt"/>
        <line num="335" count="2" type="stmt"/>
        <line num="352" count="3" type="stmt"/>
        <line num="364" count="51" type="stmt"/>
        <line num="372" count="0" type="stmt"/>
        <line num="393" count="27" type="stmt"/>
        <line num="394" count="27" type="stmt"/>
        <line num="395" count="27" type="stmt"/>
        <line num="397" count="27" type="stmt"/>
        <line num="406" count="9" type="cond" truecount="1" falsecount="0"/>
        <line num="411" count="1" type="cond" truecount="1" falsecount="0"/>
        <line num="413" count="1" type="stmt"/>
        <line num="414" count="1" type="stmt"/>
        <line num="418" count="8" type="stmt"/>
        <line num="420" count="19" type="stmt"/>
        <line num="421" count="19" type="cond" truecount="0" falsecount="1"/>
        <line num="422" count="0" type="stmt"/>
        <line num="423" count="0" type="stmt"/>
        <line num="426" count="0" type="cond" truecount="0" falsecount="2"/>
        <line num="430" count="0" type="stmt"/>
        <line num="434" count="19" type="stmt"/>
        <line num="446" count="1" type="cond" truecount="0" falsecount="1"/>
        <line num="447" count="0" type="stmt"/>
        <line num="451" count="1" type="cond" truecount="2" falsecount="1"/>
        <line num="452" count="0" type="stmt"/>
        <line num="456" count="1" type="stmt"/>
        <line num="459" count="1" type="cond" truecount="3" falsecount="0"/>
        <line num="460" count="1" type="stmt"/>
        <line num="464" count="0" type="cond" truecount="0" falsecount="1"/>
        <line num="465" count="0" type="stmt"/>
        <line num="468" count="0" type="cond" truecount="0" falsecount="1"/>
        <line num="469" count="0" type="stmt"/>
        <line num="473" count="0" type="cond" truecount="0" falsecount="3"/>
        <line num="474" count="0" type="stmt"/>
        <line num="476" count="0" type="cond" truecount="0" falsecount="3"/>
        <line num="477" count="0" type="stmt"/>
        <line num="481" count="0" type="cond" truecount="0" falsecount="3"/>
        <line num="482" count="0" type="stmt"/>
        <line num="488" count="0" type="cond" truecount="0" falsecount="4"/>
        <line num="489" count="0" type="stmt"/>
        <line num="491" count="0" type="cond" truecount="0" falsecount="3"/>
        <line num="492" count="0" type="stmt"/>
        <line num="495" count="0" type="cond" truecount="0" falsecount="1"/>
        <line num="500" count="0" type="stmt"/>
        <line num="501" count="0" type="cond" truecount="0" falsecount="1"/>
        <line num="505" count="0" type="stmt"/>
        <line num="511" count="0" type="cond" truecount="0" falsecount="3"/>
        <line num="512" count="0" type="stmt"/>
        <line num="516" count="0" type="stmt"/>
        <line num="517" count="0" type="stmt"/>
        <line num="519" count="0" type="stmt"/>
        <line num="524" count="2" type="stmt"/>
        <line num="525" count="2" type="stmt"/>
      </file>
    </package>
    <package name="src.types">
      <metrics statements="4" coveredstatements="4" conditionals="0" coveredconditionals="0" methods="0" coveredmethods="0"/>
      <file name="index.ts" path="/Users/miracleio/Documents/otherprojs/shop100/100pay.js/src/types/index.ts">
        <metrics statements="4" coveredstatements="4" conditionals="0" coveredconditionals="0" methods="0" coveredmethods="0"/>
        <line num="1" count="2" type="stmt"/>
        <line num="2" count="2" type="stmt"/>
        <line num="3" count="2" type="stmt"/>
        <line num="4" count="2" type="stmt"/>
      </file>
    </package>
  </project>
</coverage>
