<?xml version="1.0" encoding="UTF-8"?>
<coverage generated="1762524450117" clover="3.2.0">
  <project timestamp="1762524450117" name="All files">
    <metrics statements="121" coveredstatements="82" conditionals="77" coveredconditionals="38" methods="23" coveredmethods="17" elements="221" coveredelements="137" complexity="0" loc="121" ncloc="121" packages="2" files="2" classes="2"/>
    <package name="src">
      <metrics statements="116" coveredstatements="77" conditionals="77" coveredconditionals="38" methods="23" coveredmethods="17"/>
      <file name="index.ts" path="/Users/miracleio/Documents/otherprojs/shop100/100pay.js/src/index.ts">
        <metrics statements="116" coveredstatements="77" conditionals="77" coveredconditionals="38" methods="23" coveredmethods="17"/>
        <line num="3" count="3" type="stmt"/>
        <line num="4" count="3" type="stmt"/>
        <line num="30" count="3" type="stmt"/>
        <line num="84" count="3" type="cond" truecount="2" falsecount="0"/>
        <line num="90" count="3" type="stmt"/>
        <line num="95" count="3" type="stmt"/>
        <line num="96" count="3" type="stmt"/>
        <line num="97" count="3" type="stmt"/>
        <line num="98" count="3" type="stmt"/>
        <line num="107" count="3" type="stmt"/>
        <line num="117" count="70" type="stmt"/>
        <line num="118" count="70" type="stmt"/>
        <line num="119" count="70" type="stmt"/>
        <line num="133" count="49" type="stmt"/>
        <line num="137" count="49" type="stmt"/>
        <line num="139" count="49" type="cond" truecount="1" falsecount="0"/>
        <line num="140" count="1" type="stmt"/>
        <line num="141" count="1" type="cond" truecount="1" falsecount="0"/>
        <line num="143" count="1" type="stmt"/>
        <line num="147" count="49" type="cond" truecount="0" falsecount="1"/>
        <line num="148" count="0" type="stmt"/>
        <line num="152" count="49" type="stmt"/>
        <line num="157" count="49" type="stmt"/>
        <line num="170" count="50" type="cond" truecount="1" falsecount="0"/>
        <line num="171" count="49" type="stmt"/>
        <line num="172" count="49" type="stmt"/>
        <line num="183" count="1" type="stmt"/>
        <line num="197" count="70" type="stmt"/>
        <line num="198" count="6" type="stmt"/>
        <line num="199" count="6" type="stmt"/>
        <line num="201" count="6" type="stmt"/>
        <line num="209" count="5" type="cond" truecount="1" falsecount="0"/>
        <line num="210" count="1" type="stmt"/>
        <line num="219" count="4" type="cond" truecount="1" falsecount="0"/>
        <line num="220" count="2" type="cond" truecount="1" falsecount="0"/>
        <line num="221" count="1" type="stmt"/>
        <line num="228" count="1" type="cond" truecount="1" falsecount="0"/>
        <line num="229" count="1" type="stmt"/>
        <line num="237" count="2" type="stmt"/>
        <line num="241" count="2" type="cond" truecount="4" falsecount="0"/>
        <line num="246" count="2" type="stmt"/>
        <line num="252" count="1" type="cond" truecount="0" falsecount="1"/>
        <line num="253" count="0" type="stmt"/>
        <line num="254" count="0" type="stmt"/>
        <line num="261" count="1" type="stmt"/>
        <line num="271" count="70" type="stmt"/>
        <line num="283" count="2" type="stmt"/>
        <line num="284" count="2" type="stmt"/>
        <line num="296" count="70" type="stmt"/>
        <line num="307" count="2" type="stmt"/>
        <line num="325" count="70" type="stmt"/>
        <line num="336" count="3" type="stmt"/>
        <line num="358" count="2" type="stmt"/>
        <line num="375" count="3" type="stmt"/>
        <line num="387" count="70" type="stmt"/>
        <line num="395" count="4" type="stmt"/>
        <line num="406" count="70" type="stmt"/>
        <line num="413" count="2" type="stmt"/>
        <line num="426" count="3" type="stmt"/>
        <line num="442" count="6" type="stmt"/>
        <line num="453" count="70" type="stmt"/>
        <line num="466" count="0" type="stmt"/>
        <line num="480" count="0" type="stmt"/>
        <line num="483" count="0" type="stmt"/>
        <line num="498" count="0" type="stmt"/>
        <line num="513" count="0" type="stmt"/>
        <line num="530" count="0" type="stmt"/>
        <line num="545" count="0" type="stmt"/>
        <line num="563" count="44" type="stmt"/>
        <line num="564" count="44" type="stmt"/>
        <line num="565" count="44" type="stmt"/>
        <line num="567" count="44" type="stmt"/>
        <line num="576" count="16" type="cond" truecount="1" falsecount="0"/>
        <line num="581" count="1" type="cond" truecount="1" falsecount="0"/>
        <line num="583" count="1" type="stmt"/>
        <line num="584" count="1" type="stmt"/>
        <line num="588" count="15" type="stmt"/>
        <line num="590" count="29" type="cond" truecount="0" falsecount="1"/>
        <line num="591" count="0" type="stmt"/>
        <line num="592" count="0" type="stmt"/>
        <line num="595" count="0" type="cond" truecount="0" falsecount="2"/>
        <line num="599" count="0" type="stmt"/>
        <line num="603" count="29" type="stmt"/>
        <line num="615" count="1" type="cond" truecount="0" falsecount="1"/>
        <line num="616" count="0" type="stmt"/>
        <line num="620" count="1" type="cond" truecount="2" falsecount="1"/>
        <line num="621" count="0" type="stmt"/>
        <line num="625" count="1" type="stmt"/>
        <line num="628" count="1" type="cond" truecount="3" falsecount="0"/>
        <line num="629" count="1" type="stmt"/>
        <line num="633" count="0" type="cond" truecount="0" falsecount="1"/>
        <line num="634" count="0" type="stmt"/>
        <line num="637" count="0" type="cond" truecount="0" falsecount="1"/>
        <line num="638" count="0" type="stmt"/>
        <line num="642" count="0" type="cond" truecount="0" falsecount="3"/>
        <line num="643" count="0" type="stmt"/>
        <line num="645" count="0" type="cond" truecount="0" falsecount="3"/>
        <line num="646" count="0" type="stmt"/>
        <line num="650" count="0" type="cond" truecount="0" falsecount="3"/>
        <line num="651" count="0" type="stmt"/>
        <line num="657" count="0" type="cond" truecount="0" falsecount="4"/>
        <line num="658" count="0" type="stmt"/>
        <line num="660" count="0" type="cond" truecount="0" falsecount="3"/>
        <line num="661" count="0" type="stmt"/>
        <line num="664" count="0" type="cond" truecount="0" falsecount="1"/>
        <line num="669" count="0" type="stmt"/>
        <line num="670" count="0" type="cond" truecount="0" falsecount="1"/>
        <line num="674" count="0" type="stmt"/>
        <line num="680" count="0" type="cond" truecount="0" falsecount="3"/>
        <line num="681" count="0" type="stmt"/>
        <line num="685" count="0" type="stmt"/>
        <line num="686" count="0" type="stmt"/>
        <line num="688" count="0" type="stmt"/>
        <line num="693" count="3" type="stmt"/>
        <line num="694" count="3" type="stmt"/>
        <line num="695" count="3" type="stmt"/>
      </file>
    </package>
    <package name="src.types">
      <metrics statements="5" coveredstatements="5" conditionals="0" coveredconditionals="0" methods="0" coveredmethods="0"/>
      <file name="index.ts" path="/Users/miracleio/Documents/otherprojs/shop100/100pay.js/src/types/index.ts">
        <metrics statements="5" coveredstatements="5" conditionals="0" coveredconditionals="0" methods="0" coveredmethods="0"/>
        <line num="1" count="3" type="stmt"/>
        <line num="2" count="3" type="stmt"/>
        <line num="3" count="3" type="stmt"/>
        <line num="4" count="3" type="stmt"/>
        <line num="5" count="3" type="stmt"/>
      </file>
    </package>
  </project>
</coverage>
