TN:
SF:src/index.ts
FN:85,(anonymous_11)
FN:107,(anonymous_12)
FN:186,(anonymous_13)
FN:268,(anonymous_14)
FN:272,(anonymous_15)
FN:293,(anonymous_16)
FN:322,(anonymous_17)
FN:339,(anonymous_18)
FN:356,(anonymous_19)
FN:378,(anonymous_20)
FN:396,(anonymous_21)
FN:409,(anonymous_22)
FN:423,(anonymous_23)
FN:120,(anonymous_24)
FN:157,(anonymous_25)
FN:443,(anonymous_26)
FN:499,(anonymous_27)
FNF:17
FNH:11
FNDA:1,(anonymous_11)
FNDA:32,(anonymous_12)
FNDA:1,(anonymous_13)
FNDA:0,(anonymous_14)
FNDA:0,(anonymous_15)
FNDA:0,(anonymous_16)
FNDA:0,(anonymous_17)
FNDA:0,(anonymous_18)
FNDA:0,(anonymous_19)
FNDA:4,(anonymous_20)
FNDA:2,(anonymous_21)
FNDA:3,(anonymous_22)
FNDA:6,(anonymous_23)
FNDA:27,(anonymous_24)
FNDA:28,(anonymous_25)
FNDA:27,(anonymous_26)
FNDA:1,(anonymous_27)
DA:3,2
DA:4,2
DA:29,2
DA:75,2
DA:81,2
DA:86,1
DA:87,1
DA:88,1
DA:89,1
DA:98,2
DA:108,32
DA:109,32
DA:110,32
DA:124,27
DA:128,27
DA:130,27
DA:131,1
DA:132,1
DA:134,1
DA:138,27
DA:139,0
DA:143,27
DA:148,27
DA:161,28
DA:162,27
DA:163,27
DA:173,1
DA:186,32
DA:187,1
DA:188,1
DA:190,1
DA:198,1
DA:199,0
DA:208,1
DA:209,0
DA:210,0
DA:217,0
DA:218,0
DA:226,1
DA:230,1
DA:235,1
DA:241,0
DA:242,0
DA:243,0
DA:250,0
DA:260,32
DA:272,0
DA:273,0
DA:285,32
DA:296,0
DA:314,32
DA:325,0
DA:342,0
DA:359,0
DA:371,32
DA:379,4
DA:390,32
DA:397,2
DA:410,3
DA:426,6
DA:448,27
DA:449,27
DA:450,27
DA:452,27
DA:461,9
DA:466,1
DA:468,1
DA:469,1
DA:473,8
DA:475,19
DA:476,19
DA:477,0
DA:478,0
DA:481,0
DA:485,0
DA:489,19
DA:501,1
DA:502,0
DA:506,1
DA:507,0
DA:511,1
DA:514,1
DA:515,1
DA:519,0
DA:520,0
DA:523,0
DA:524,0
DA:528,0
DA:529,0
DA:531,0
DA:532,0
DA:536,0
DA:537,0
DA:543,0
DA:544,0
DA:546,0
DA:547,0
DA:550,0
DA:555,0
DA:556,0
DA:560,0
DA:566,0
DA:567,0
DA:571,0
DA:572,0
DA:574,0
DA:579,2
DA:580,2
LF:108
LH:63
BRDA:75,0,0,2
BRDA:75,0,1,2
BRDA:107,1,0,32
BRDA:198,2,0,0
BRDA:208,3,0,0
BRDA:209,4,0,0
BRDA:217,5,0,0
BRDA:230,6,0,0
BRDA:230,6,1,1
BRDA:230,7,0,1
BRDA:230,7,1,1
BRDA:241,8,0,0
BRDA:244,9,0,0
BRDA:244,9,1,0
BRDA:251,10,0,0
BRDA:251,10,1,0
BRDA:300,11,0,0
BRDA:300,11,1,0
BRDA:303,12,0,0
BRDA:303,12,1,0
BRDA:130,13,0,1
BRDA:132,14,0,1
BRDA:138,15,0,0
BRDA:158,16,0,0
BRDA:161,17,0,27
BRDA:446,18,0,18
BRDA:456,19,0,9
BRDA:456,19,1,18
BRDA:457,20,0,18
BRDA:457,20,1,9
BRDA:461,21,0,1
BRDA:462,22,0,9
BRDA:462,22,1,9
BRDA:462,22,2,9
BRDA:466,23,0,1
BRDA:476,24,0,0
BRDA:481,25,0,0
BRDA:481,25,1,0
BRDA:501,26,0,0
BRDA:506,27,0,0
BRDA:506,28,0,1
BRDA:506,28,1,1
BRDA:514,29,0,1
BRDA:514,30,0,1
BRDA:514,30,1,1
BRDA:519,31,0,0
BRDA:523,32,0,0
BRDA:528,33,0,0
BRDA:528,34,0,0
BRDA:528,34,1,0
BRDA:531,35,0,0
BRDA:531,36,0,0
BRDA:531,36,1,0
BRDA:536,37,0,0
BRDA:536,38,0,0
BRDA:536,38,1,0
BRDA:543,39,0,0
BRDA:543,40,0,0
BRDA:543,40,1,0
BRDA:543,40,2,0
BRDA:546,41,0,0
BRDA:546,42,0,0
BRDA:546,42,1,0
BRDA:550,43,0,0
BRDA:551,44,0,0
BRDA:551,44,1,0
BRDA:551,44,2,0
BRDA:556,45,0,0
BRDA:557,46,0,0
BRDA:557,46,1,0
BRDA:566,47,0,0
BRDA:566,48,0,0
BRDA:566,48,1,0
BRF:73
BRH:24
end_of_record
TN:
SF:src/types/index.ts
FNF:0
FNH:0
DA:1,2
DA:2,2
DA:3,2
DA:4,2
LF:4
LH:4
BRF:0
BRH:0
end_of_record
