TN:
SF:src/index.ts
FN:42,(anonymous_11)
FN:55,(anonymous_12)
FN:107,(anonymous_13)
FN:179,(anonymous_14)
FN:66,(anonymous_15)
FN:87,(anonymous_16)
FN:197,(anonymous_17)
FNF:7
FNH:6
FNDA:2,(anonymous_11)
FNDA:14,(anonymous_12)
FNDA:5,(anonymous_13)
FNDA:0,(anonymous_14)
FNDA:10,(anonymous_15)
FNDA:10,(anonymous_16)
FNDA:5,(anonymous_17)
DA:1,1
DA:2,1
DA:35,1
DA:38,1
DA:43,2
DA:44,2
DA:45,2
DA:46,2
DA:50,1
DA:56,14
DA:57,14
DA:58,14
DA:70,10
DA:73,10
DA:78,10
DA:91,10
DA:93,10
DA:107,14
DA:108,5
DA:109,5
DA:111,5
DA:119,4
DA:120,1
DA:129,3
DA:130,2
DA:131,1
DA:138,1
DA:139,1
DA:147,1
DA:151,1
DA:156,1
DA:162,1
DA:163,0
DA:164,0
DA:171,1
DA:178,14
DA:182,0
DA:202,5
DA:203,5
DA:204,5
DA:206,5
DA:214,2
DA:216,3
DA:217,0
DA:219,0
DA:225,0
DA:228,3
DA:233,1
LF:48
LH:42
BRDA:35,0,0,1
BRDA:35,0,1,1
BRDA:55,1,0,13
BRDA:119,2,0,1
BRDA:129,3,0,2
BRDA:130,4,0,1
BRDA:138,5,0,1
BRDA:151,6,0,1
BRDA:151,6,1,0
BRDA:151,7,0,1
BRDA:151,7,1,1
BRDA:162,8,0,0
BRDA:165,9,0,0
BRDA:165,9,1,0
BRDA:172,10,0,1
BRDA:172,10,1,0
BRDA:88,11,0,0
BRDA:200,12,0,3
BRDA:210,13,0,1
BRDA:210,13,1,4
BRDA:211,14,0,4
BRDA:211,14,1,1
BRDA:216,15,0,0
BRDA:219,16,0,0
BRDA:219,16,1,0
BRDA:219,17,0,0
BRDA:219,17,1,0
BRDA:219,17,2,0
BRF:28
BRH:16
end_of_record
TN:
SF:src/types/index.ts
FNF:0
FNH:0
DA:1,1
LF:1
LH:1
BRF:0
BRH:0
end_of_record
